<?xml version="1.0" encoding="UTF-8"?>
<!-- Generated by org.testng.reporters.JUnitXMLReporter -->
<testsuite hostname="LAPTOP-7C4LUEFP" name="Command line test 66389f2a-ac8e-4d56-87e1-0c4e571da7f9" tests="4" failures="1" timestamp="2 Sep 2021 14:31:38 GMT" time="179.905" errors="0">
  <testcase name="test1" time="46.564" classname="org.testing.TestScripts.TC1"/>
  <testcase name="test1" time="33.639" classname="org.testing.TestScripts.TC3"/>
  <testcase name="test1" time="30.481" classname="org.testing.TestScripts.TC5">
    <failure type="org.openqa.selenium.WebDriverException" message="element click intercepted: Element &amp;lt;button id=&amp;quot;avatar-btn&amp;quot; aria-haspopup=&amp;quot;true&amp;quot; class=&amp;quot;style-scope ytd-topbar-menu-button-renderer&amp;quot; aria-label=&amp;quot;Account profile photo that opens list of alternative accounts&amp;quot;&amp;gt;...&amp;lt;/button&amp;gt; is not clickable at point (1474, 28). Other element would receive the click: &amp;lt;tp-yt-iron-overlay-backdrop opened=&amp;quot;&amp;quot; class=&amp;quot;opened&amp;quot; style=&amp;quot;z-index: 2201;&amp;quot;&amp;gt;...&amp;lt;/tp-yt-iron-overlay-backdrop&amp;gt;
  (Session info: chrome=93.0.4577.63)
  (Driver info: chromedriver=93.0.4577.15 (660fc11082ba57405eca2e8c49c3e1af756fbfae-refs/branch-heads/4577@{#203}),platform=Windows NT 10.0.19042 x86_64) (WARNING: The server did not provide any stacktrace information)
Command duration or timeout: 1.05 seconds
Build info: version: &amp;apos;2.48.2&amp;apos;, revision: &amp;apos;41bccdd&amp;apos;, time: &amp;apos;2015-10-09 19:55:52&amp;apos;
System info: host: &amp;apos;LAPTOP-7C4LUEFP&amp;apos;, ip: &amp;apos;192.168.0.102&amp;apos;, os.name: &amp;apos;Windows 10&amp;apos;, os.arch: &amp;apos;amd64&amp;apos;, os.version: &amp;apos;10.0&amp;apos;, java.version: &amp;apos;1.8.0_271&amp;apos;
Driver info: org.openqa.selenium.chrome.ChromeDriver
Capabilities [{mobileEmulationEnabled=false, timeouts={implicit=0, pageLoad=300000, script=30000}, hasTouchScreen=false, platform=XP, acceptSslCerts=false, goog:chromeOptions={debuggerAddress=localhost:64474}, webauthn:extension:credBlob=true, acceptInsecureCerts=false, webStorageEnabled=true, browserName=chrome, takesScreenshot=true, javascriptEnabled=true, setWindowRect=true, webauthn:extension:largeBlob=true, unexpectedAlertBehaviour=ignore, applicationCacheEnabled=false, rotatable=false, networkConnectionEnabled=false, chrome={chromedriverVersion=93.0.4577.15 (660fc11082ba57405eca2e8c49c3e1af756fbfae-refs/branch-heads/4577@{#203}), userDataDir=C:\Users\shahi\AppData\Local\Temp\scoped_dir18740_1321950334}, takesHeapSnapshot=true, pageLoadStrategy=normal, strictFileInteractability=false, databaseEnabled=false, handlesAlerts=true, version=93.0.4577.63, browserConnectionEnabled=false, proxy={}, nativeEvents=true, locationContextEnabled=true, cssSelectorsEnabled=true, webauthn:virtualAuthenticators=true}]
Session ID: 3e7204673d5c90f804cec53a3074673f">
      <![CDATA[org.openqa.selenium.WebDriverException: element click intercepted: Element <button id="avatar-btn" aria-haspopup="true" class="style-scope ytd-topbar-menu-button-renderer" aria-label="Account profile photo that opens list of alternative accounts">...</button> is not clickable at point (1474, 28). Other element would receive the click: <tp-yt-iron-overlay-backdrop opened="" class="opened" style="z-index: 2201;">...</tp-yt-iron-overlay-backdrop>
  (Session info: chrome=93.0.4577.63)
  (Driver info: chromedriver=93.0.4577.15 (660fc11082ba57405eca2e8c49c3e1af756fbfae-refs/branch-heads/4577@{#203}),platform=Windows NT 10.0.19042 x86_64) (WARNING: The server did not provide any stacktrace information)
Command duration or timeout: 1.05 seconds
Build info: version: '2.48.2', revision: '41bccdd', time: '2015-10-09 19:55:52'
System info: host: 'LAPTOP-7C4LUEFP', ip: '192.168.0.102', os.name: 'Windows 10', os.arch: 'amd64', os.version: '10.0', java.version: '1.8.0_271'
Driver info: org.openqa.selenium.chrome.ChromeDriver
Capabilities [{mobileEmulationEnabled=false, timeouts={implicit=0, pageLoad=300000, script=30000}, hasTouchScreen=false, platform=XP, acceptSslCerts=false, goog:chromeOptions={debuggerAddress=localhost:64474}, webauthn:extension:credBlob=true, acceptInsecureCerts=false, webStorageEnabled=true, browserName=chrome, takesScreenshot=true, javascriptEnabled=true, setWindowRect=true, webauthn:extension:largeBlob=true, unexpectedAlertBehaviour=ignore, applicationCacheEnabled=false, rotatable=false, networkConnectionEnabled=false, chrome={chromedriverVersion=93.0.4577.15 (660fc11082ba57405eca2e8c49c3e1af756fbfae-refs/branch-heads/4577@{#203}), userDataDir=C:\Users\shahi\AppData\Local\Temp\scoped_dir18740_1321950334}, takesHeapSnapshot=true, pageLoadStrategy=normal, strictFileInteractability=false, databaseEnabled=false, handlesAlerts=true, version=93.0.4577.63, browserConnectionEnabled=false, proxy={}, nativeEvents=true, locationContextEnabled=true, cssSelectorsEnabled=true, webauthn:virtualAuthenticators=true}]
Session ID: 3e7204673d5c90f804cec53a3074673f
	at org.openqa.selenium.remote.ErrorHandler.createThrowable(ErrorHandler.java:206)
	at org.openqa.selenium.remote.ErrorHandler.throwIfResponseFailed(ErrorHandler.java:158)
	at org.openqa.selenium.remote.RemoteWebDriver.execute(RemoteWebDriver.java:647)
	at org.openqa.selenium.remote.RemoteWebElement.execute(RemoteWebElement.java:326)
	at org.openqa.selenium.remote.RemoteWebElement.click(RemoteWebElement.java:84)
	at org.testing.Pages.Logout.signout(Logout.java:24)
	at org.testing.TestScripts.TC5.test1(TC5.java:41)
	at org.testing.Runner.Runner.main(Runner.java:70)
... Removed 25 stack frames]]>
    </failure>
  </testcase> <!-- test1 -->
  <testcase name="test1" time="33.397" classname="org.testing.TestScripts.TC8"/>
</testsuite> <!-- Command line test 66389f2a-ac8e-4d56-87e1-0c4e571da7f9 -->
